<?xml version="1.0" encoding="UTF-8"?>
<Site BuildName="Linux-g++"
	BuildStamp="20230920-1255-Experimental"
	Name="ricbackuputil"
	Generator="ctest-3.20.2"
	CompilerName="/usr/bin/g++"
	CompilerVersion="8.5.0"
	OSName="Linux"
	Hostname="ricbackuputil"
	OSRelease="4.18.0-425.13.1.el8_7.x86_64"
	OSVersion="#1 SMP Thu Feb 2 13:01:45 EST 2023"
	OSPlatform="x86_64"
	Is64Bits="1"
	VendorString="GenuineIntel"
	VendorID="Intel Corporation"
	FamilyID="6"
	ModelID="85"
	ProcessorCacheSize="19712"
	NumberOfLogicalCPU="2"
	NumberOfPhysicalCPU="2"
	TotalVirtualMemory="32767"
	TotalPhysicalMemory="15827"
	LogicalProcessorsPerPhysical="1"
	ProcessorClockFrequency="2593.91"
	>
	<Testing>
		<StartDateTime>Sep 20 10:06 EDT</StartDateTime>
		<StartTestTime>1695218762</StartTestTime>
		<TestList/>
		<EndDateTime>Sep 20 10:06 EDT</EndDateTime>
		<EndTestTime>1695218762</EndTestTime>
		<ElapsedMinutes>0</ElapsedMinutes>
	</Testing>
</Site>
