<?xml version="1.0" encoding="UTF-8"?>
<Site BuildName="Linux-g++"
	BuildStamp="20230927-0402-Experimental"
	Name="dev01.kevinslab.com"
	Generator="ctest-2.8.12.2"
	CompilerName="/bin/g++"
	OSName="Linux"
	Hostname="dev01.kevinslab.com"
	OSRelease="3.10.0-1160.99.1.el7.x86_64"
	OSVersion="#1 SMP Wed Sep 13 14:19:20 UTC 2023"
	OSPlatform="x86_64"
	Is64Bits="1"
	VendorString="GenuineIntel"
	VendorID="Intel Corporation"
	FamilyID="6"
	ModelID="63"
	ProcessorCacheSize="20480"
	NumberOfLogicalCPU="2"
	NumberOfPhysicalCPU="3"
	TotalVirtualMemory="1639"
	TotalPhysicalMemory="7820"
	LogicalProcessorsPerPhysical="0"
	ProcessorClockFrequency="2596.99"
>
<Testing>
	<StartDateTime>Sep 27 00:02 EDT</StartDateTime>
	<StartTestTime>1695787367</StartTestTime>
	<TestList>
	</TestList>
	<EndDateTime>Sep 27 00:02 EDT</EndDateTime>
	<EndTestTime>1695787367</EndTestTime>
<ElapsedMinutes>0</ElapsedMinutes></Testing>
</Site>
